<?xml version="1.0" encoding="utf-8"?><testsuites name="pytest tests"><testsuite name="pytest" errors="0" failures="0" skipped="0" tests="17" time="5.457" timestamp="2026-05-12T01:04:26.133854+00:00" hostname="agent-env-a3e84cb7-f3c9-4bd0-9672-d21217a9e4ea"><testcase classname="backend.tests.test_student_new_pages.TestProfile" name="test_get_profile" time="0.635" /><testcase classname="backend.tests.test_student_new_pages.TestProfile" name="test_get_profile_unauthorized" time="0.117" /><testcase classname="backend.tests.test_student_new_pages.TestProfile" name="test_patch_profile_name_then_revert" time="0.451" /><testcase classname="backend.tests.test_student_new_pages.TestProfile" name="test_patch_profile_invalid_email" time="0.107" /><testcase classname="backend.tests.test_student_new_pages.TestProfile" name="test_change_password_wrong_current" time="0.428" /><testcase classname="backend.tests.test_student_new_pages.TestProfile" name="test_change_password_flow_and_revert" time="1.946" /><testcase classname="backend.tests.test_student_new_pages.TestSupport" name="test_get_faq" time="0.107" /><testcase classname="backend.tests.test_student_new_pages.TestSupport" name="test_list_tickets" time="0.115" /><testcase classname="backend.tests.test_student_new_pages.TestSupport" name="test_create_ticket" time="0.290" /><testcase classname="backend.tests.test_student_new_pages.TestSupport" name="test_create_ticket_invalid_category" time="0.127" /><testcase classname="backend.tests.test_student_new_pages.TestSupport" name="test_create_ticket_short_subject" time="0.111" /><testcase classname="backend.tests.test_student_new_pages.TestSupport" name="test_tickets_unauthorized" time="0.110" /><testcase classname="backend.tests.test_student_new_pages.TestBookingsHistory" name="test_history_all" time="0.123" /><testcase classname="backend.tests.test_student_new_pages.TestBookingsHistory" name="test_history_completed_only" time="0.117" /><testcase classname="backend.tests.test_student_new_pages.TestBookingsHistory" name="test_history_cancelled_only" time="0.125" /><testcase classname="backend.tests.test_student_new_pages.TestBookingsHistory" name="test_history_sort_oldest" time="0.253" /><testcase classname="backend.tests.test_student_new_pages.TestBookingsHistory" name="test_history_unauthorized" time="0.107" /></testsuite></testsuites>