<?xml version="1.0" encoding="utf-8"?><testsuites name="pytest tests"><testsuite name="pytest" errors="0" failures="1" skipped="0" tests="19" time="4.348" timestamp="2026-05-12T01:23:01.466412+00:00" hostname="agent-env-a3e84cb7-f3c9-4bd0-9672-d21217a9e4ea"><testcase classname="backend.tests.test_student_ride_history.TestAuth" name="test_rides_unauthorized" time="0.275" /><testcase classname="backend.tests.test_student_ride_history.TestAuth" name="test_rides_invalid_token" time="0.159" /><testcase classname="backend.tests.test_student_ride_history.TestRideList" name="test_priya_has_5_rides" time="0.563" /><testcase classname="backend.tests.test_student_ride_history.TestRideList" name="test_liam_has_4_rides" time="0.481" /><testcase classname="backend.tests.test_student_ride_history.TestRideList" name="test_no_cross_user_overlap" time="0.350" /><testcase classname="backend.tests.test_student_ride_history.TestRideList" name="test_tab_completed" time="0.122" /><testcase classname="backend.tests.test_student_ride_history.TestRideList" name="test_tab_active" time="0.122" /><testcase classname="backend.tests.test_student_ride_history.TestRideList" name="test_tab_cancelled" time="0.111" /><testcase classname="backend.tests.test_student_ride_history.TestRideList" name="test_sort_oldest_newest" time="0.316" /><testcase classname="backend.tests.test_student_ride_history.TestRideList" name="test_search_filter" time="0.187" /><testcase classname="backend.tests.test_student_ride_history.TestSingleRide" name="test_priya_ride_20" time="0.110" /><testcase classname="backend.tests.test_student_ride_history.TestSingleRide" name="test_liam_cannot_access_priya_ride" time="0.112" /><testcase classname="backend.tests.test_student_ride_history.TestSingleRide" name="test_invalid_ride_id" time="0.125" /><testcase classname="backend.tests.test_student_ride_history.TestReceipt" name="test_receipt_completed_ride" time="0.119" /><testcase classname="backend.tests.test_student_ride_history.TestReceipt" name="test_receipt_non_completed_ride_rejected" time="0.217" /><testcase classname="backend.tests.test_student_ride_history.TestReceipt" name="test_receipt_cross_user_404" time="0.146" /><testcase classname="backend.tests.test_student_ride_history.TestCancelRide" name="test_cancel_requires_long_reason" time="0.214" /><testcase classname="backend.tests.test_student_ride_history.TestCancelRide" name="test_cancel_cross_user_blocked" time="0.146" /><testcase classname="backend.tests.test_student_ride_history.TestCancelRide" name="test_cancel_upcoming_success" time="0.256"><failure message="AssertionError: {&quot;error&quot;:&quot;could not determine data type of parameter $2&quot;}&#10;assert 400 == 200&#10; +  where 400 = &lt;Response [400]&gt;.status_code">backend/tests/test_student_ride_history.py:200: in test_cancel_upcoming_success
    assert r.status_code == 200, r.text
E   AssertionError: {"error":"could not determine data type of parameter $2"}
E   assert 400 == 200
E    +  where 400 = &lt;Response [400]&gt;.status_code</failure></testcase></testsuite></testsuites>